<?xml version="1.0" encoding="UTF-8"?>
<!-- Generated by org.testng.reporters.JUnitReportReporter -->
<testsuite hostname="User-PC" name="java_pass_test" tests="2" failures="0" timestamp="27 May 2015 14:17:37 GMT" time="12.766" errors="0">
  <testcase name="javaPassTestTwo" time="4.488" classname="java_pass_test"/>
  <testcase name="javaPassTest" time="8.278" classname="java_pass_test"/>
</testsuite> <!-- java_pass_test -->
